<?xml version="1.0" encoding="UTF-8"?>
<!-- Generated by org.testng.reporters.JUnitReportReporter -->
<testsuite hostname="MSI" failures="0" tests="2" name="com.expresscart.tests.CartErrorHandlingTest" time="12.261" errors="0" timestamp="2025-02-27T09:57:01 COT" skipped="0">
  <testcase classname="com.expresscart.tests.CartErrorHandlingTest" name="testServerErrorHandling" time="8.146"/>
  <testcase classname="com.expresscart.tests.CartErrorHandlingTest" name="testInvalidQuantityError" time="4.115"/>
</testsuite> <!-- com.expresscart.tests.CartErrorHandlingTest -->
